C:\USERS\YANQI\DOCUMENTS\VISUAL STUDIO 2012\PROJECTS\POS1\POS1\DEBUG\POS1.PCH
C:\USERS\YANQI\DOCUMENTS\VISUAL STUDIO 2012\PROJECTS\POS1\POS1\DEBUG\STDAFX.OBJ
C:\USERS\YANQI\DOCUMENTS\VISUAL STUDIO 2012\PROJECTS\POS1\POS1\DEBUG\VC110.PDB
C:\USERS\YANQI\DOCUMENTS\VISUAL STUDIO 2012\PROJECTS\POS1\POS1\DEBUG\POS1.OBJ
c:\Users\yanqi\documents\visual studio 2012\Projects\pos1\pos1\Debug\pos1.obj
c:\Users\yanqi\documents\visual studio 2012\Projects\pos1\pos1\Debug\stdafx.obj
c:\Users\yanqi\documents\visual studio 2012\Projects\pos1\pos1\Debug\cl.command.1.tlog
c:\Users\yanqi\documents\visual studio 2012\Projects\pos1\pos1\Debug\CL.read.1.tlog
c:\Users\yanqi\documents\visual studio 2012\Projects\pos1\pos1\Debug\CL.write.1.tlog
c:\Users\yanqi\documents\visual studio 2012\Projects\pos1\pos1\Debug\link-cvtres.read.1.tlog
c:\Users\yanqi\documents\visual studio 2012\Projects\pos1\pos1\Debug\link-cvtres.write.1.tlog
c:\Users\yanqi\documents\visual studio 2012\Projects\pos1\pos1\Debug\link-rc.read.1.tlog
c:\Users\yanqi\documents\visual studio 2012\Projects\pos1\pos1\Debug\link-rc.write.1.tlog
c:\Users\yanqi\documents\visual studio 2012\Projects\pos1\pos1\Debug\link.5312.read.1.tlog
c:\Users\yanqi\documents\visual studio 2012\Projects\pos1\pos1\Debug\link.5312.write.1.tlog
c:\Users\yanqi\documents\visual studio 2012\Projects\pos1\pos1\Debug\link.5392.read.1.tlog
c:\Users\yanqi\documents\visual studio 2012\Projects\pos1\pos1\Debug\link.5392.write.1.tlog
c:\Users\yanqi\documents\visual studio 2012\Projects\pos1\pos1\Debug\link.command.1.tlog
c:\Users\yanqi\documents\visual studio 2012\Projects\pos1\pos1\Debug\link.read.1.tlog
c:\Users\yanqi\documents\visual studio 2012\Projects\pos1\pos1\Debug\link.write.1.tlog
c:\Users\yanqi\documents\visual studio 2012\Projects\pos1\pos1\Debug\pos1.pch
c:\Users\yanqi\documents\visual studio 2012\Projects\pos1\pos1\Debug\vc110.idb
c:\Users\yanqi\documents\visual studio 2012\Projects\pos1\pos1\Debug\vc110.pdb
c:\users\yanqi\documents\visual studio 2012\Projects\pos1\Debug\pos1.pdb
